2016-02-16 16:07:02 Start CommTcpMap so!
2016-02-16 16:07:02 Start ListenServerThread!
2016-02-16 16:07:02 start ListenPosThread!
2016-02-16 16:07:02 start RecvFormServer!
2016-02-16 16:07:02 start RecvFormPos!
2016-02-16 16:07:35 start RecvFormPos!
2016-02-16 16:08:05 start RecvFormPos!
2016-02-16 16:08:35 start RecvFormPos!
2016-02-16 16:09:05 start RecvFormPos!
2016-02-16 16:09:35 start RecvFormPos!
2016-02-16 16:10:05 start RecvFormPos!
2016-02-16 16:10:35 start RecvFormPos!
2016-02-16 16:11:05 start RecvFormPos!
2016-02-16 16:11:35 start RecvFormPos!
2016-02-16 16:12:05 start RecvFormPos!
2016-02-16 16:12:35 start RecvFormPos!
2016-02-16 16:13:05 start RecvFormPos!
2016-02-16 16:13:35 start RecvFormPos!
2016-02-16 16:14:05 start RecvFormPos!
2016-02-16 16:14:35 start RecvFormPos!
2016-02-16 16:15:05 start RecvFormPos!
2016-02-16 16:15:35 start RecvFormPos!
2016-02-16 16:16:05 start RecvFormPos!
2016-02-16 16:16:35 start RecvFormPos!
2016-02-16 16:17:05 start RecvFormPos!
2016-02-16 16:17:35 start RecvFor2016-02-16 16:34:43 Start CommTcpMap so!
2016-02-16 16:34:43 start ListenPosThread!
2016-02-16 16:34:43 start RecvFormPos!
2016-02-16 16:34:43 Start ListenServerThread!
2016-02-16 16:34:43 start RecvFormServer!
2016-02-16 16:35:16 RecvFormPos timeout, end ListenPosThread!
2016-02-16 16:35:16 CloseComm
2016-02-16 16:35:16 CloseComm failed!
